<testsuites name="jest tests" tests="1" failures="0" time="2.237">
  <testsuite name="Example" errors="0" failures="0" skipped="0" timestamp="2018-07-21T15:48:56" time="1.148" tests="1">
    <testcase classname="Example should be ok" name="Example should be ok" time="0.005">
    </testcase>
  </testsuite>
</testsuites>